<?xml version="1.0" encoding="UTF-8"?>
<!-- Generated by org.testng.reporters.JUnitReportReporter -->
<testsuite hostname="DESKTOP-P95V1F2" failures="0" tests="1" name="script.DemoTest" time="12.581" errors="0" timestamp="2023-05-03T12:10:37 IST" skipped="0">
  <testcase classname="script.DemoTest" name="demoTest1" time="12.581"/>
  <system-out>
    <![CDATA[test data:admin
Google]]>
  </system-out>
</testsuite> <!-- script.DemoTest -->
