<?xml version="1.0" encoding="UTF-8"?>
<!-- Generated by org.testng.reporters.JUnitReportReporter -->
<testsuite hostname="DESKTOP-P95V1F2" failures="0" tests="1" name="script.Demo1Test" time="10.090" errors="0" timestamp="2023-05-03T11:31:08 IST" skipped="0">
  <testcase classname="script.Demo1Test" name="demoTest1" time="10.090"/>
  <system-out>
    <![CDATA[Facebook â€“ log in or sign up]]>
  </system-out>
</testsuite> <!-- script.Demo1Test -->
